filters/build/outputs/logs/manifest-merger-debug-report.txt
-- Merging decision tree log ---
manifest
ADDED from Progetto-picrate\filters\AndroidManifest.xml:2:1-10:12
INJECTED from Progetto-picrate\filters\AndroidManifest.xml:2:1-10:12
INJECTED from Progetto-picrate\filters\AndroidManifest.xml:2:1-10:12
INJECTED from Progetto-picrate\filters\AndroidManifest.xml:2:1-10:12
INJECTED from Progetto-picrate\filters\AndroidManifest.xml:2:1-10:12
INJECTED from Progetto-picrate\filters\AndroidManifest.xml:2:1-10:12
INJECTED from Progetto-picrate\filters\AndroidManifest.xml:2:1-10:12
	package
		ADDED from Progetto-picrate\filters\AndroidManifest.xml:3:5-26
		INJECTED from Progetto-picrate\filters\AndroidManifest.xml
		INJECTED from Progetto-picrate\filters\AndroidManifest.xml
	android:versionName
		ADDED from Progetto-picrate\filters\AndroidManifest.xml:5:5-30
		INJECTED from Progetto-picrate\filters\AndroidManifest.xml
		INJECTED from Progetto-picrate\filters\AndroidManifest.xml
	xmlns:android
		ADDED from Progetto-picrate\filters\AndroidManifest.xml:2:11-69
	android:versionCode
		ADDED from Progetto-picrate\filters\AndroidManifest.xml:4:5-28
		INJECTED from Progetto-picrate\filters\AndroidManifest.xml
		INJECTED from Progetto-picrate\filters\AndroidManifest.xml
uses-sdk
ADDED from Progetto-picrate\filters\AndroidManifest.xml:7:5-9:41
	android:targetSdkVersion
		ADDED from Progetto-picrate\filters\AndroidManifest.xml:9:9-38
	android:minSdkVersion
		ADDED from Progetto-picrate\filters\AndroidManifest.xml:8:9-34